#
# A fatal error has been detected by the Java Runtime Environment:
#
#  Internal Error (os_windows_x86.cpp:114), pid=1464, tid=4084
#  Error: guarantee(result == -1,"Unexpected result from topLevelExceptionFilter")
#
# JRE version: 6.0_17-b04
# Java VM: Java HotSpot(TM) 64-Bit Server VM (14.3-b01 mixed mode windows-amd64 )
# If you would like to submit a bug report, please visit:
#   http://java.sun.com/webapps/bugreport/crash.jsp
# The crash happened outside the Java Virtual Machine in native code.
# See problematic frame for where to report the bug.
#

---------------  T H R E A D  ---------------

Current thread (0x0000000004c4f000):  JavaThread "main" [_thread_in_native, id=4084, stack(0x0000000000210000,0x0000000004210000)]

Stack: [0x0000000000210000,0x0000000004210000]
[error occurred during error reporting (printing stack bounds), id 0xc0000005]

Java frames: (J=compiled Java code, j=interpreted, Vv=VM code)
j  com.mathworks.jmi.NativeMatlab.ProcessPendingEvents()Z+0
j  com.mathworks.jmi.NativeMatlab.processPendingEvents()Z+8
j  com.mathworks.jmi.Matlab$ProcessPendingEvents.callBooleanMethod(Ljava/lang/Object;)Z+0
j  com.mathworks.util.FactoryUtils.processPendingEvents()Z+12
j  com.mathworks.widgets.desk.Desktop.canClose()Z+38
j  com.mathworks.mde.desk.MLDesktop.canClose()Z+113
j  com.mathworks.mde.desk.MLDesktop$2.call()Ljava/lang/Boolean;+4
j  com.mathworks.mde.desk.MLDesktop$2.call()Ljava/lang/Object;+1
j  com.mathworks.jmi.Matlab.isOkToExit()Z+54
v  ~StubRoutines::call_stub
j  com.mathworks.jmi.NativeMatlab.SendMatlabMessage(Ljava/lang/Object;)Ljava/lang/Object;+0
j  com.mathworks.jmi.NativeMatlab.sendMatlabMessage(Ljava/lang/Object;)Ljava/lang/Object;+22
j  com.mathworks.jmi.MatlabLooper.sendMatlabMessage(Lcom/mathworks/services/message/MWMessage;)Ljava/lang/Object;+20
j  com.mathworks.jmi.Matlab.mtFevalConsoleOutput(Ljava/lang/String;[Ljava/lang/Object;I)Ljava/lang/Object;+58
j  com.mathworks.mde.desk.MLDesktop$9.run()V+14
j  com.mathworks.jmi.NativeMatlab.dispatchMTRequests(Z)V+57
v  ~StubRoutines::call_stub

---------------  P R O C E S S  ---------------

Java Threads: ( => current thread )
  0x000000000e443800 JavaThread "Code Analyzer updating thread" [_thread_blocked, id=952, stack(0x0000000012610000,0x0000000012690000)]
  0x000000000e442000 JavaThread "Code Analyzer updating thread" [_thread_blocked, id=6196, stack(0x00000000126b0000,0x0000000012730000)]
  0x000000000e440000 JavaThread "Timer queue for AWT thread" daemon [_thread_blocked, id=6572, stack(0x0000000008100000,0x0000000008180000)]
  0x000000000f770800 JavaThread "pool-5-thread-1" [_thread_blocked, id=4704, stack(0x0000000007d20000,0x0000000007da0000)]
  0x000000000f76d800 JavaThread "Foxtrot Single Worker Thread #1" daemon [_thread_blocked, id=5384, stack(0x0000000007f30000,0x0000000007fb0000)]
  0x000000000f775000 JavaThread "Code Analyzer updating thread" [_thread_blocked, id=6740, stack(0x0000000007fc0000,0x0000000008040000)]
  0x000000000f76a000 JavaThread "pool-4-thread-1" [_thread_blocked, id=5932, stack(0x0000000007de0000,0x0000000007e60000)]
  0x000000000f772800 JavaThread "Code Analyzer updating thread" [_thread_blocked, id=5356, stack(0x00000000685f0000,0x0000000068670000)]
  0x000000000f772000 JavaThread "Code Analyzer updating thread" [_thread_blocked, id=5880, stack(0x00000000684a0000,0x0000000068520000)]
  0x000000000f771000 JavaThread "Code Analyzer updating thread" [_thread_blocked, id=5368, stack(0x0000000068520000,0x00000000685a0000)]
  0x000000000f770000 JavaThread "RequestQueue for GenericFileList" [_thread_blocked, id=6088, stack(0x0000000067610000,0x0000000067690000)]
  0x000000000f76f000 JavaThread "Code Analyzer updating thread" [_thread_blocked, id=5108, stack(0x00000000683f0000,0x0000000068470000)]
  0x000000000f76e800 JavaThread "Active Reference Queue Daemon" daemon [_thread_blocked, id=1544, stack(0x0000000068310000,0x0000000068390000)]
  0x000000000f76d000 JavaThread "Timer-8" daemon [_thread_blocked, id=4596, stack(0x0000000067760000,0x00000000677e0000)]
  0x000000000f76c000 JavaThread "Timer-7" daemon [_thread_blocked, id=5324, stack(0x0000000067570000,0x00000000675f0000)]
  0x000000000f769000 JavaThread "Prefs Updater" daemon [_thread_blocked, id=3824, stack(0x0000000064f90000,0x0000000065010000)]
  0x000000000f768800 JavaThread "Timer-1" [_thread_blocked, id=5348, stack(0x000000002d560000,0x000000002d5e0000)]
  0x000000000f768000 JavaThread "FelixPackageAdmin" daemon [_thread_blocked, id=5616, stack(0x0000000048a60000,0x0000000048ae0000)]
  0x000000000f498000 JavaThread "FelixStartLevel" daemon [_thread_blocked, id=6584, stack(0x000000001d360000,0x000000001d3e0000)]
  0x000000000f331800 JavaThread "FelixDispatchQueue" daemon [_thread_blocked, id=5620, stack(0x0000000015160000,0x00000000151e0000)]
  0x000000000f2ce800 JavaThread "TimerQueue" daemon [_thread_blocked, id=4364, stack(0x000000000df70000,0x000000000dff0000)]
  0x000000000f225000 JavaThread "AWT-EventQueue-0" [_thread_in_Java, id=3352, stack(0x000000002d4b0000,0x000000002d530000)]
  0x000000000f0ea000 JavaThread "com.google.common.base.internal.Finalizer" daemon [_thread_blocked, id=1152, stack(0x000000000dc00000,0x000000000dc80000)]
  0x000000000f13e000 JavaThread "AWT-Windows" daemon [_thread_in_native, id=1912, stack(0x0000000010e80000,0x0000000010f00000)]
  0x000000000ef2f000 JavaThread "AWT-Shutdown" [_thread_blocked, id=3384, stack(0x0000000015090000,0x0000000015110000)]
  0x000000000ef2c000 JavaThread "Java2D Disposer" daemon [_thread_blocked, id=5392, stack(0x0000000010f80000,0x0000000011000000)]
  0x000000000ef28800 JavaThread "Timer-0" [_thread_blocked, id=1176, stack(0x000000000dcc0000,0x000000000dd40000)]
  0x000000000ee55000 JavaThread "JMI Unnamed Thread" [_thread_in_native, id=5040, stack(0x0000000019330000,0x000000001d330000)]
  0x000000000df39800 JavaThread "Low Memory Detector" daemon [_thread_blocked, id=2700, stack(0x000000000e2b0000,0x000000000e330000)]
  0x000000000df33000 JavaThread "CompilerThread1" daemon [_thread_blocked, id=4664, stack(0x000000008c1d0000,0x00000000901d0000)]
  0x000000000df2c800 JavaThread "CompilerThread0" daemon [_thread_blocked, id=2732, stack(0x00000000881d0000,0x000000008c1d0000)]
  0x000000000df2c000 JavaThread "Attach Listener" daemon [_thread_blocked, id=5380, stack(0x000000000e1c0000,0x000000000e240000)]
  0x000000000decd800 JavaThread "Finalizer" daemon [_thread_blocked, id=5388, stack(0x000000000e0f0000,0x000000000e170000)]
  0x000000000dec9000 JavaThread "Reference Handler" daemon [_thread_blocked, id=5336, stack(0x000000000dff0000,0x000000000e070000)]
=>0x0000000004c4f000 JavaThread "main" [_thread_in_native, id=4084, stack(0x0000000000210000,0x0000000004210000)]

Other Threads:
  0x000000000dec4000 VMThread [stack: 0x00000000841b0000,0x00000000881b0000] [id=560]
  0x000000000df4e800 WatcherThread [stack: 0x00000000901d0000,0x00000000941d0000] [id=200]

VM state:not at safepoint (normal execution)

VM Mutex/Monitor currently owned by a thread: None

Heap
 PSYoungGen      total 44480K, used 29788K [0x00000000458f0000, 0x0000000048950000, 0x00000000489f0000)
  eden space 39680K, 66% used [0x00000000458f0000,0x00000000472a7af8,0x0000000047fb0000)
  from space 4800K, 71% used [0x00000000484a0000,0x00000000487ff5d0,0x0000000048950000)
  to   space 4928K, 0% used [0x0000000047fb0000,0x0000000047fb0000,0x0000000048480000)
 PSOldGen        total 150528K, used 89028K [0x000000003c5f0000, 0x00000000458f0000, 0x00000000458f0000)
  object space 150528K, 59% used [0x000000003c5f0000,0x0000000041ce1268,0x00000000458f0000)
 PSPermGen       total 106624K, used 70331K [0x00000000345f0000, 0x000000003ae10000, 0x000000003c5f0000)
  object space 106624K, 65% used [0x00000000345f0000,0x0000000038a9eec8,0x000000003ae10000)

Dynamic libraries:
0x000000013fe00000 - 0x000000013fe29000 	C:\Program Files\MATLAB\R2011b\bin\win64\MATLAB.exe
0x0000000076f80000 - 0x0000000077129000 	C:\Windows\SYSTEM32\ntdll.dll
0x00000000768a0000 - 0x00000000769bf000 	C:\Windows\system32\kernel32.dll
0x000007fefd4d0000 - 0x000007fefd53c000 	C:\Windows\system32\KERNELBASE.dll
0x0000000074460000 - 0x0000000074563000 	C:\Program Files\MATLAB\R2011b\bin\win64\libut.dll
0x00000000758a0000 - 0x0000000075944000 	C:\Program Files\MATLAB\R2011b\bin\win64\libmwi18n.dll
0x0000000180000000 - 0x000000018000b000 	C:\Program Files\MATLAB\R2011b\bin\win64\libmwresource_core.dll
0x0000000071b10000 - 0x0000000071be3000 	C:\Windows\WinSxS\amd64_microsoft.vc90.crt_1fc8b3b9a1e18e3b_9.0.30729.4940_none_08e4299fa83d7e3c\MSVCP90.dll
0x0000000071a70000 - 0x0000000071b0d000 	C:\Windows\WinSxS\amd64_microsoft.vc90.crt_1fc8b3b9a1e18e3b_9.0.30729.4940_none_08e4299fa83d7e3c\MSVCR90.dll
0x000000007a170000 - 0x000000007a19c000 	C:\Program Files\MATLAB\R2011b\bin\win64\boost_filesystem-vc90-mt-1_44.dll
0x000000007a560000 - 0x000000007a569000 	C:\Program Files\MATLAB\R2011b\bin\win64\boost_system-vc90-mt-1_44.dll
0x000007fefeb80000 - 0x000007fefec5b000 	C:\Windows\system32\ADVAPI32.dll
0x000007fefdc30000 - 0x000007fefdccf000 	C:\Windows\system32\msvcrt.dll
0x000007feff080000 - 0x000007feff09f000 	C:\Windows\SYSTEM32\sechost.dll
0x000007fefee70000 - 0x000007fefef9d000 	C:\Windows\system32\RPCRT4.dll
0x000000007a010000 - 0x000000007a035000 	C:\Program Files\MATLAB\R2011b\bin\win64\LIBEXPAT.dll
0x00000000706e0000 - 0x00000000708d1000 	C:\Program Files\MATLAB\R2011b\bin\win64\icuin44.dll
0x0000000070f10000 - 0x0000000071081000 	C:\Program Files\MATLAB\R2011b\bin\win64\icuuc44.dll
0x0000000010000000 - 0x0000000010e41000 	C:\Program Files\MATLAB\R2011b\bin\win64\icudt44.dll
0x0000000073f70000 - 0x00000000740b5000 	C:\Program Files\MATLAB\R2011b\bin\win64\libmwfl.dll
0x000000007a350000 - 0x000000007a556000 	C:\Program Files\MATLAB\R2011b\bin\win64\libmwMATLAB_res.dll
0x0000000000160000 - 0x0000000000170000 	C:\Program Files\MATLAB\R2011b\bin\win64\boost_date_time-vc90-mt-1_44.dll
0x000000007a250000 - 0x000000007a263000 	C:\Program Files\MATLAB\R2011b\bin\win64\boost_signals-vc90-mt-1_44.dll
0x000000007a2d0000 - 0x000000007a2e2000 	C:\Program Files\MATLAB\R2011b\bin\win64\boost_thread-vc90-mt-1_44.dll
0x00000000001a0000 - 0x00000000001e6000 	C:\Program Files\MATLAB\R2011b\bin\win64\tbb.dll
0x000007fefdad0000 - 0x000007fefdae7000 	C:\Windows\system32\imagehlp.dll
0x0000000077140000 - 0x0000000077147000 	C:\Windows\system32\PSAPI.DLL
0x0000000072440000 - 0x0000000072453000 	C:\Program Files\MATLAB\R2011b\bin\win64\icuio44.dll
0x000007feee840000 - 0x000007feee965000 	C:\Windows\system32\dbghelp.dll
0x0000000076e80000 - 0x0000000076f7a000 	C:\Windows\system32\USER32.dll
0x000007fefd9b0000 - 0x000007fefda17000 	C:\Windows\system32\GDI32.dll
0x000007fefda20000 - 0x000007fefda2e000 	C:\Windows\system32\LPK.dll
0x000007fefd7b0000 - 0x000007fefd879000 	C:\Windows\system32\USP10.dll
0x000000007bed0000 - 0x000000007c148000 	C:\Program Files\MATLAB\R2011b\bin\win64\libmwservices.dll
0x0000000075a20000 - 0x0000000075ad5000 	C:\Program Files\MATLAB\R2011b\bin\win64\libmx.dll
0x000000007a210000 - 0x000000007a228000 	C:\Program Files\MATLAB\R2011b\bin\win64\zlib1.dll
0x0000000074330000 - 0x0000000074453000 	C:\Program Files\MATLAB\R2011b\bin\win64\libmwmathutil.dll
0x0000000075f10000 - 0x0000000075f5d000 	C:\Program Files\MATLAB\R2011b\bin\win64\mpath.dll
0x000000007b680000 - 0x000000007bb4d000 	C:\Program Files\MATLAB\R2011b\bin\win64\mlutil.dll
0x0000000071940000 - 0x00000000719bf000 	C:\Program Files\MATLAB\R2011b\bin\win64\xmlcore.dll
0x000000007bc30000 - 0x000000007be83000 	C:\Program Files\MATLAB\R2011b\bin\win64\xerces-c_2_7.dll
0x000007fefd960000 - 0x000007fefd9ad000 	C:\Windows\system32\WS2_32.dll
0x000007feff0a0000 - 0x000007feff0a8000 	C:\Windows\system32\NSI.dll
0x0000000004290000 - 0x00000000042a6000 	C:\Program Files\MATLAB\R2011b\bin\win64\libmwsettings_res.dll
0x00000000042c0000 - 0x0000000004307000 	C:\Program Files\MATLAB\R2011b\bin\win64\boost_serialization-vc90-mt-1_44.dll
0x000007fefdd70000 - 0x000007fefeaf8000 	C:\Windows\system32\SHELL32.dll
0x000007fefd880000 - 0x000007fefd8f1000 	C:\Windows\system32\SHLWAPI.dll
0x000007fefa280000 - 0x000007fefa320000 	C:\Windows\WinSxS\amd64_microsoft.windows.common-controls_6595b64144ccf1df_5.82.7601.17514_none_a4d6a923711520a9\COMCTL32.dll
0x000007fefdcd0000 - 0x000007fefdd67000 	C:\Windows\system32\COMDLG32.dll
0x000007fefb480000 - 0x000007fefb496000 	C:\Windows\system32\NETAPI32.dll
0x000007fefc890000 - 0x000007fefc89c000 	C:\Windows\system32\netutils.dll
0x000007fefcf50000 - 0x000007fefcf73000 	C:\Windows\system32\srvcli.dll
0x000007fefb460000 - 0x000007fefb475000 	C:\Windows\system32\wkscli.dll
0x000007fefec60000 - 0x000007fefee63000 	C:\Windows\system32\ole32.dll
0x000007fefefa0000 - 0x000007feff077000 	C:\Windows\system32\OLEAUT32.dll
0x0000000074970000 - 0x0000000074a41000 	C:\Program Files\MATLAB\R2011b\bin\win64\mcr.dll
0x0000000075000000 - 0x0000000075324000 	C:\Program Files\MATLAB\R2011b\bin\win64\iqm.dll
0x000000006b280000 - 0x000000006ba50000 	C:\Program Files\MATLAB\R2011b\bin\win64\m_interpreter.dll
0x0000000004460000 - 0x0000000004475000 	C:\Program Files\MATLAB\R2011b\bin\win64\libmex.dll
0x0000000071840000 - 0x00000000718ee000 	C:\Program Files\MATLAB\R2011b\bin\win64\m_dispatcher.dll
0x0000000074880000 - 0x000000007496d000 	C:\Program Files\MATLAB\R2011b\bin\win64\boost_regex-vc90-mt-1_44.dll
0x0000000070e80000 - 0x0000000070f04000 	C:\Program Files\MATLAB\R2011b\bin\win64\profiler.dll
0x0000000079f40000 - 0x0000000079f73000 	C:\Program Files\MATLAB\R2011b\bin\win64\libmwmathrng.dll
0x0000000074c10000 - 0x0000000074cea000 	C:\Program Files\MATLAB\R2011b\bin\win64\libmwmathcore.dll
0x0000000076160000 - 0x00000000761cb000 	C:\Program Files\MATLAB\R2011b\bin\win64\libmwspmatrix.dll
0x0000000075ea0000 - 0x0000000075f02000 	C:\Program Files\MATLAB\R2011b\bin\win64\libmwcholmod.dll
0x00000000044f0000 - 0x00000000044fd000 	C:\Program Files\MATLAB\R2011b\bin\win64\libmwamd.dll
0x0000000004510000 - 0x000000000451c000 	C:\Program Files\MATLAB\R2011b\bin\win64\libmwcolamd.dll
0x0000000071e70000 - 0x0000000071e89000 	C:\Program Files\MATLAB\R2011b\bin\win64\libmwblas.dll
0x0000000072340000 - 0x0000000072352000 	C:\Program Files\MATLAB\R2011b\bin\win64\libmwbinder.dll
0x0000000072110000 - 0x000000007211b000 	C:\Program Files\MATLAB\R2011b\bin\win64\libmwompwrapper.dll
0x0000000070650000 - 0x00000000706d2000 	C:\Program Files\MATLAB\R2011b\bin\win64\libmwlapack.dll
0x0000000071a10000 - 0x0000000071a31000 	C:\Program Files\MATLAB\R2011b\bin\win64\m_pcodeio.dll
0x0000000079b10000 - 0x0000000079b77000 	C:\Program Files\MATLAB\R2011b\bin\win64\m_ir.dll
0x000000006bbe0000 - 0x000000006c220000 	C:\Program Files\MATLAB\R2011b\bin\win64\m_parser.dll
0x00000000719f0000 - 0x0000000071a0a000 	C:\Program Files\MATLAB\R2011b\bin\win64\ir_xfmr.dll
0x000000006aff0000 - 0x000000006b275000 	C:\Program Files\MATLAB\R2011b\bin\win64\mcos.dll
0x0000000072480000 - 0x000000007248c000 	C:\Program Files\MATLAB\R2011b\bin\win64\mtok.dll
0x0000000070900000 - 0x0000000070931000 	C:\Program Files\MATLAB\R2011b\bin\win64\m_pcodegen.dll
0x0000000079fb0000 - 0x0000000079fe5000 	C:\Program Files\MATLAB\R2011b\bin\win64\libmwbridge.dll
0x0000000070580000 - 0x0000000070648000 	C:\Program Files\MATLAB\R2011b\bin\win64\udd.dll
0x000000006c700000 - 0x000000006c847000 	C:\Program Files\MATLAB\R2011b\bin\win64\libmwgui.dll
0x0000000071bf0000 - 0x0000000071c07000 	C:\Program Files\MATLAB\R2011b\bin\win64\graphics_util.dll
0x0000000067850000 - 0x0000000068200000 	C:\Program Files\MATLAB\R2011b\bin\win64\hg.dll
0x0000000076100000 - 0x0000000076158000 	C:\Program Files\MATLAB\R2011b\bin\win64\libmat.dll
0x0000000072d30000 - 0x0000000072f44000 	C:\Program Files\MATLAB\R2011b\bin\win64\hdf5dll.dll
0x0000000075710000 - 0x000000007579d000 	C:\Program Files\MATLAB\R2011b\bin\win64\jmi.dll
0x0000000004660000 - 0x000000000466e000 	C:\Program Files\MATLAB\R2011b\bin\win64\nativejava_services.dll
0x0000000070530000 - 0x0000000070573000 	C:\Program Files\MATLAB\R2011b\bin\win64\libmwhardcopy.dll
0x0000000070050000 - 0x00000000700b3000 	C:\Program Files\MATLAB\R2011b\bin\win64\libuij.dll
0x000000006aba0000 - 0x000000006ada7000 	C:\Program Files\MATLAB\R2011b\bin\win64\hgdatatypes.dll
0x000000006ff50000 - 0x0000000070049000 	C:\Program Files\MATLAB\R2011b\bin\win64\hgutils.dll
0x000000006d9c0000 - 0x000000006da7d000 	C:\Program Files\MATLAB\R2011b\bin\win64\udd_mi.dll
0x00000000046d0000 - 0x0000000004999000 	C:\Program Files\MATLAB\R2011b\bin\win64\uiw.dll
0x0000000071d40000 - 0x0000000071d4f000 	C:\Program Files\MATLAB\R2011b\bin\win64\uinone.dll
0x000007fef77d0000 - 0x000007fef77e8000 	C:\Windows\system32\MPR.dll
0x00000000686c0000 - 0x0000000068ba4000 	C:\Windows\WinSxS\amd64_microsoft.vc90.mfc_1fc8b3b9a1e18e3b_9.0.30729.4148_none_04480933ab2137b1\mfc90.dll
0x000007fefa650000 - 0x000007fefa657000 	C:\Windows\system32\MSIMG32.dll
0x000007fefa320000 - 0x000007fefa391000 	C:\Windows\system32\WINSPOOL.DRV
0x00000000719c0000 - 0x00000000719e1000 	C:\Program Files\MATLAB\R2011b\bin\win64\mwoles05.DLL
0x000000006fed0000 - 0x000000006ff45000 	C:\Program Files\MATLAB\R2011b\bin\win64\comcli.dll
0x0000000071a40000 - 0x0000000071a6f000 	C:\Windows\WinSxS\amd64_microsoft.vc90.atl_1fc8b3b9a1e18e3b_9.0.30729.4148_none_0a1d2fcba76b3f00\ATL90.DLL
0x0000000071de0000 - 0x0000000071dec000 	C:\Program Files\MATLAB\R2011b\bin\win64\mlautoregister.dll
0x00000000049f0000 - 0x0000000004a00000 	C:\Program Files\MATLAB\R2011b\bin\win64\boost_iostreams-vc90-mt-1_44.dll
0x000007fefdaf0000 - 0x000007fefdb1e000 	C:\Windows\system32\IMM32.DLL
0x000007fefdb20000 - 0x000007fefdc29000 	C:\Windows\system32\MSCTF.dll
0x000007fefbb10000 - 0x000007fefbb66000 	C:\Windows\system32\UxTheme.dll
0x000007fefb730000 - 0x000007fefb748000 	C:\Windows\system32\dwmapi.dll
0x0000000071930000 - 0x000000007193d000 	C:\Windows\WinSxS\amd64_microsoft.vc90.mfcloc_1fc8b3b9a1e18e3b_9.0.30729.4148_none_01c6b44660ce74c3\MFC90ENU.DLL
0x0000000004c70000 - 0x0000000004c99000 	C:\Program Files\MATLAB\R2011b\bin\win64\tbbmalloc.dll
0x000007fefd3e0000 - 0x000007fefd3ef000 	C:\Windows\system32\profapi.dll
0x000007fefc060000 - 0x000007fefc06f000 	C:\Program Files\MATLAB\R2011b\bin\win64\xmlxrcsc.dll
0x000007fefd310000 - 0x000007fefd31f000 	C:\Windows\system32\CRYPTBASE.dll
0x000007fefbb70000 - 0x000007fefbd64000 	C:\Windows\WinSxS\amd64_microsoft.windows.common-controls_6595b64144ccf1df_6.0.7601.17514_none_fa396087175ac9ac\comctl32.dll
0x000007feff0b0000 - 0x000007feff287000 	C:\Windows\system32\SETUPAPI.dll
0x000007fefd490000 - 0x000007fefd4c6000 	C:\Windows\system32\CFGMGR32.dll
0x000007fefd6f0000 - 0x000007fefd70a000 	C:\Windows\system32\DEVOBJ.dll
0x000007fefda30000 - 0x000007fefdac9000 	C:\Windows\system32\CLBCatQ.DLL
0x000007fefc090000 - 0x000007fefc1bc000 	C:\Windows\system32\propsys.dll
0x000007fefc2f0000 - 0x000007fefc31d000 	C:\Windows\system32\ntmarta.dll
0x000007fefd900000 - 0x000007fefd952000 	C:\Windows\system32\WLDAP32.dll
0x000007fefaa50000 - 0x000007fefaa77000 	C:\Windows\system32\iphlpapi.dll
0x000007fefaa30000 - 0x000007fefaa3b000 	C:\Windows\system32\WINNSI.DLL
0x000007fefcad0000 - 0x000007fefcb2b000 	C:\Windows\system32\DNSAPI.dll
0x000007fefa8c0000 - 0x000007fefa8d1000 	C:\Windows\system32\dhcpcsvc6.DLL
0x000007fefa840000 - 0x000007fefa858000 	C:\Windows\system32\dhcpcsvc.DLL
0x000007fefd280000 - 0x000007fefd2a5000 	C:\Windows\system32\SspiCli.dll
0x0000000071920000 - 0x0000000071923000 	C:\Windows\system32\icmp.Dll

VM Arguments:
jvm_args: -Xss512k -XX:PermSize=32m -Xms64m -XX:NewRatio=3 -XX:MaxPermSize=128m -Xmx196m -XX:MaxDirectMemorySize=2147400000 -Dsun.java2d.noddraw=true -Dsun.awt.nopixfmt=true -Xshare:off -Xrs -Dsun.awt.disableMixing=true -Djava.library.path=C:\Program Files\MATLAB\R2011b\bin\win64 vfprintf abort 
java_command: <unknown>
Launcher Type: generic

Environment Variables:
PATH=C:\Program Files\Common Files\Microsoft Shared\Windows Live;C:\Program Files (x86)\Common Files\Microsoft Shared\Windows Live;C:\Program Files (x86)\MiKTeX 2.9\miktex\bin;C:\Windows\system32;C:\Windows;C:\Windows\System32\Wbem;C:\Windows\System32\WindowsPowerShell\v1.0\;C:\Program Files (x86)\Common Files\Roxio Shared\DLLShared\;C:\Program Files (x86)\Common Files\Roxio Shared\OEM\DLLShared\;C:\Program Files (x86)\Common Files\Roxio Shared\OEM\DLLShared\;C:\Program Files (x86)\Common Files\Roxio Shared\OEM\12.0\DLLShared\;C:\Program Files (x86)\Roxio\OEM\AudioCore\;c:\Program Files (x86)\Microsoft SQL Server\100\Tools\Binn\;c:\Program Files\Microsoft SQL Server\100\Tools\Binn\;c:\Program Files\Microsoft SQL Server\100\DTS\Binn\;C:\Program Files\MATLAB\R2011b\bin;C:\Program Files (x86)\Windows Live\Shared;C:\Program Files (x86)\CMake 2.8\bin
USERNAME=mmoyou
OS=Windows_NT
PROCESSOR_IDENTIFIER=Intel64 Family 6 Model 44 Stepping 2, GenuineIntel



---------------  S Y S T E M  ---------------

OS: Windows 7 Build 7601 Service Pack 1

CPU:total 8 (16 cores per cpu, 2 threads per core) family 6 model 44 stepping 2, cmov, cx8, fxsr, mmx, sse, sse2, sse3, ssse3, sse4.1, sse4.2, ht

Memory: 4k page, physical 25163320k(19057700k free), swap 50324792k(43500508k free)

vm_info: Java HotSpot(TM) 64-Bit Server VM (14.3-b01) for windows-amd64 JRE (1.6.0_17-b04), built on Oct 11 2009 00:46:08 by "java_re" with MS VC++ 8.0

time: Wed Apr 04 19:16:49 2012
elapsed time: 123866 seconds

